2009-01-02 19:58:03,425 [Thread-0] INFO  n.s.g.junit.v1.TestRunnable - Starting test thread 0
2009-01-02 19:58:03,439 [Thread-0] INFO  n.s.g.junit.v1.TestRunnable - Ended test thread 0
2009-01-02 19:58:03,481 [main] DEBUG n.s.g.j.v1.MultiThreadedTestRunner - Waiting for thread at index 0 to start.
2009-01-02 19:58:03,481 [main] DEBUG n.s.g.j.v1.MultiThreadedTestRunner - Waiting for thread at index 0 to start.
2009-01-02 19:58:03,481 [main] DEBUG n.s.g.j.v1.MultiThreadedTestRunner - Waiting for thread at index 0 to start.
2009-01-02 19:58:03,481 [main] DEBUG n.s.g.j.v1.MultiThreadedTestRunner - Waiting for thread at index 0 to start.
2009-01-02 19:58:03,481 [main] DEBUG n.s.g.j.v1.MultiThreadedTestRunner - Waiting for thread at index 0 to start.
2009-01-02 19:58:03,482 [main] DEBUG n.s.g.j.v1.MultiThreadedTestRunner - Waiting for thread at index 0 to start.
2009-01-02 19:58:03,482 [main] DEBUG n.s.g.j.v1.MultiThreadedTestRunner - Waiting for thread at index 0 to start.
2009-01-02 19:58:03,482 [main] DEBUG n.s.g.j.v1.MultiThreadedTestRunner - Waiting for thread at index 0 to start.
2009-01-02 19:58:03,482 [main] DEBUG n.s.g.j.v1.MultiThreadedTestRunner - Waiting for thread at index 0 to start.
2009-01-02 19:58:03,482 [main] DEBUG n.s.g.j.v1.MultiThreadedTestRunner - Waiting for thread at index 0 to start.
2009-01-02 19:58:03,482 [main] DEBUG n.s.g.j.v1.MultiThreadedTestRunner - Assuming thread at index 0 already finished.
2009-01-02 19:58:03,482 [Thread-1] INFO  n.s.g.junit.v1.TestRunnable - Starting test thread 1
2009-01-02 19:58:03,484 [Thread-1] INFO  n.s.g.junit.v1.TestRunnable - Ended test thread 1
2009-01-02 19:58:03,485 [main] DEBUG n.s.g.j.v1.MultiThreadedTestRunner - Waiting for thread at index 1 to start.
2009-01-02 19:58:03,485 [main] DEBUG n.s.g.j.v1.MultiThreadedTestRunner - Waiting for thread at index 1 to start.
2009-01-02 19:58:03,485 [main] DEBUG n.s.g.j.v1.MultiThreadedTestRunner - Waiting for thread at index 1 to start.
2009-01-02 19:58:03,485 [main] DEBUG n.s.g.j.v1.MultiThreadedTestRunner - Waiting for thread at index 1 to start.
2009-01-02 19:58:03,485 [main] DEBUG n.s.g.j.v1.MultiThreadedTestRunner - Waiting for thread at index 1 to start.
2009-01-02 19:58:03,485 [main] DEBUG n.s.g.j.v1.MultiThreadedTestRunner - Waiting for thread at index 1 to start.
2009-01-02 19:58:03,485 [main] DEBUG n.s.g.j.v1.MultiThreadedTestRunner - Waiting for thread at index 1 to start.
2009-01-02 19:58:03,485 [main] DEBUG n.s.g.j.v1.MultiThreadedTestRunner - Waiting for thread at index 1 to start.
2009-01-02 19:58:03,485 [main] DEBUG n.s.g.j.v1.MultiThreadedTestRunner - Waiting for thread at index 1 to start.
2009-01-02 19:58:03,485 [main] DEBUG n.s.g.j.v1.MultiThreadedTestRunner - Waiting for thread at index 1 to start.
2009-01-02 19:58:03,486 [main] DEBUG n.s.g.j.v1.MultiThreadedTestRunner - Assuming thread at index 1 already finished.
2009-01-02 19:58:03,486 [Thread-2] INFO  n.s.g.junit.v1.TestRunnable - Starting test thread 2
2009-01-02 19:58:03,488 [Thread-2] INFO  n.s.g.junit.v1.TestRunnable - Ended test thread 2
2009-01-02 19:58:03,488 [main] DEBUG n.s.g.j.v1.MultiThreadedTestRunner - Waiting for thread at index 2 to start.
2009-01-02 19:58:03,488 [main] DEBUG n.s.g.j.v1.MultiThreadedTestRunner - Waiting for thread at index 2 to start.
2009-01-02 19:58:03,488 [main] DEBUG n.s.g.j.v1.MultiThreadedTestRunner - Waiting for thread at index 2 to start.
2009-01-02 19:58:03,488 [main] DEBUG n.s.g.j.v1.MultiThreadedTestRunner - Waiting for thread at index 2 to start.
2009-01-02 19:58:03,488 [main] DEBUG n.s.g.j.v1.MultiThreadedTestRunner - Waiting for thread at index 2 to start.
2009-01-02 19:58:03,488 [main] DEBUG n.s.g.j.v1.MultiThreadedTestRunner - Waiting for thread at index 2 to start.
2009-01-02 19:58:03,488 [main] DEBUG n.s.g.j.v1.MultiThreadedTestRunner - Waiting for thread at index 2 to start.
2009-01-02 19:58:03,488 [main] DEBUG n.s.g.j.v1.MultiThreadedTestRunner - Waiting for thread at index 2 to start.
2009-01-02 19:58:03,489 [main] DEBUG n.s.g.j.v1.MultiThreadedTestRunner - Waiting for thread at index 2 to start.
2009-01-02 19:58:03,489 [main] DEBUG n.s.g.j.v1.MultiThreadedTestRunner - Waiting for thread at index 2 to start.
2009-01-02 19:58:03,489 [main] DEBUG n.s.g.j.v1.MultiThreadedTestRunner - Assuming thread at index 2 already finished.
2009-01-02 19:58:03,489 [main] DEBUG n.s.g.j.v1.MultiThreadedTestRunner - Time = 1230944283489; final = 1231030683489
2009-01-02 19:58:03,489 [main] DEBUG n.s.g.j.v1.MultiThreadedTestRunner - Joined thread at index 0
2009-01-02 19:58:03,489 [main] DEBUG n.s.g.j.v1.MultiThreadedTestRunner - Joined thread at index 1
2009-01-02 19:58:03,489 [main] DEBUG n.s.g.j.v1.MultiThreadedTestRunner - Joined thread at index 2
2009-01-02 19:58:03,489 [main] DEBUG n.s.g.j.v1.MultiThreadedTestRunner - Forcing all test threads to stop.
2009-01-02 19:58:03,489 [main] DEBUG n.s.g.j.v1.MultiThreadedTestRunner - Halting the monitor threads.
2009-01-02 19:58:03,489 [main] DEBUG n.s.g.j.v1.MultiThreadedTestRunner - No exceptions caused during execution.
2009-01-02 19:58:03,502 [main] INFO  o.r.s.s.BandwidthControlServiceTest - Loading context for locations: org/red5/server/stream/BandwidthControlServiceTest.xml
2009-01-02 19:58:03,678 [main] INFO  o.s.c.s.GenericApplicationContext - Refreshing org.springframework.context.support.GenericApplicationContext@4ed9f47: display name [org.springframework.context.support.GenericApplicationContext@4ed9f47]; startup date [Fri Jan 02 19:58:03 EST 2009]; root of context hierarchy
2009-01-02 19:58:03,679 [main] INFO  o.s.c.s.GenericApplicationContext - Bean factory for application context [org.springframework.context.support.GenericApplicationContext@4ed9f47]: org.springframework.beans.factory.support.DefaultListableBeanFactory@78c08593
2009-01-02 19:58:03,690 [main] INFO  o.s.b.f.s.DefaultListableBeanFactory - Pre-instantiating singletons in org.springframework.beans.factory.support.DefaultListableBeanFactory@78c08593: defining beans [BWControlService]; root of factory hierarchy
2009-01-02 19:58:24,703 [main] INFO  o.s.b.f.s.DefaultListableBeanFactory - Destroying singletons in org.springframework.beans.factory.support.DefaultListableBeanFactory@78c08593: defining beans [BWControlService]; root of factory hierarchy
2009-01-02 19:58:24,705 [main] INFO  o.r.s.s.BandwidthControlServiceTest - Loading context for locations: org/red5/server/stream/BandwidthControlServiceTest.xml
2009-01-02 19:58:24,718 [main] INFO  o.s.c.s.GenericApplicationContext - Refreshing org.springframework.context.support.GenericApplicationContext@1cad7d80: display name [org.springframework.context.support.GenericApplicationContext@1cad7d80]; startup date [Fri Jan 02 19:58:24 EST 2009]; root of context hierarchy
2009-01-02 19:58:24,719 [main] INFO  o.s.c.s.GenericApplicationContext - Bean factory for application context [org.springframework.context.support.GenericApplicationContext@1cad7d80]: org.springframework.beans.factory.support.DefaultListableBeanFactory@420a6d35
2009-01-02 19:58:24,720 [main] INFO  o.s.b.f.s.DefaultListableBeanFactory - Pre-instantiating singletons in org.springframework.beans.factory.support.DefaultListableBeanFactory@420a6d35: defining beans [BWControlService]; root of factory hierarchy
2009-01-02 19:58:33,397 [main] INFO  o.s.b.f.s.DefaultListableBeanFactory - Destroying singletons in org.springframework.beans.factory.support.DefaultListableBeanFactory@420a6d35: defining beans [BWControlService]; root of factory hierarchy
2009-01-02 19:58:33,399 [main] INFO  o.r.s.s.BandwidthControlServiceTest - Loading context for locations: org/red5/server/stream/BandwidthControlServiceTest.xml
2009-01-02 19:58:33,413 [main] INFO  o.s.c.s.GenericApplicationContext - Refreshing org.springframework.context.support.GenericApplicationContext@7ee41d4a: display name [org.springframework.context.support.GenericApplicationContext@7ee41d4a]; startup date [Fri Jan 02 19:58:33 EST 2009]; root of context hierarchy
2009-01-02 19:58:33,413 [main] INFO  o.s.c.s.GenericApplicationContext - Bean factory for application context [org.springframework.context.support.GenericApplicationContext@7ee41d4a]: org.springframework.beans.factory.support.DefaultListableBeanFactory@323f265b
2009-01-02 19:58:33,415 [main] INFO  o.s.b.f.s.DefaultListableBeanFactory - Pre-instantiating singletons in org.springframework.beans.factory.support.DefaultListableBeanFactory@323f265b: defining beans [BWControlService]; root of factory hierarchy
2009-01-02 19:58:39,800 [main] INFO  o.s.b.f.s.DefaultListableBeanFactory - Destroying singletons in org.springframework.beans.factory.support.DefaultListableBeanFactory@323f265b: defining beans [BWControlService]; root of factory hierarchy
2009-01-02 19:58:39,802 [main] INFO  o.r.s.s.BandwidthControlServiceTest - Loading context for locations: org/red5/server/stream/BandwidthControlServiceTest.xml
2009-01-02 19:58:39,815 [main] INFO  o.s.c.s.GenericApplicationContext - Refreshing org.springframework.context.support.GenericApplicationContext@3fe88b35: display name [org.springframework.context.support.GenericApplicationContext@3fe88b35]; startup date [Fri Jan 02 19:58:39 EST 2009]; root of context hierarchy
2009-01-02 19:58:39,816 [main] INFO  o.s.c.s.GenericApplicationContext - Bean factory for application context [org.springframework.context.support.GenericApplicationContext@3fe88b35]: org.springframework.beans.factory.support.DefaultListableBeanFactory@3c0b655a
2009-01-02 19:58:39,817 [main] INFO  o.s.b.f.s.DefaultListableBeanFactory - Pre-instantiating singletons in org.springframework.beans.factory.support.DefaultListableBeanFactory@3c0b655a: defining beans [BWControlService]; root of factory hierarchy
2009-01-02 19:58:40,925 [main] INFO  o.s.b.f.s.DefaultListableBeanFactory - Destroying singletons in org.springframework.beans.factory.support.DefaultListableBeanFactory@3c0b655a: defining beans [BWControlService]; root of factory hierarchy
2009-01-02 19:58:40,963 [main] INFO  o.s.c.s.ClassPathXmlApplicationContext - Refreshing org.springframework.context.support.ClassPathXmlApplicationContext@67e779a1: display name [org.springframework.context.support.ClassPathXmlApplicationContext@67e779a1]; startup date [Fri Jan 02 19:58:40 EST 2009]; root of context hierarchy
2009-01-02 19:58:40,976 [main] INFO  o.s.c.s.ClassPathXmlApplicationContext - Bean factory for application context [org.springframework.context.support.ClassPathXmlApplicationContext@67e779a1]: org.springframework.beans.factory.support.DefaultListableBeanFactory@3987f9f1
2009-01-02 19:58:40,980 [main] INFO  o.s.b.f.s.DefaultListableBeanFactory - Pre-instantiating singletons in org.springframework.beans.factory.support.DefaultListableBeanFactory@3987f9f1: defining beans [echoService,serviceInvoker]; root of factory hierarchy
2009-01-02 19:58:40,981 [main] INFO  o.s.b.f.s.DefaultListableBeanFactory - Destroying singletons in org.springframework.beans.factory.support.DefaultListableBeanFactory@3987f9f1: defining beans [echoService,serviceInvoker]; root of factory hierarchy
2009-01-02 19:58:40,983 [main] INFO  o.s.c.s.ClassPathXmlApplicationContext - Refreshing org.springframework.context.support.ClassPathXmlApplicationContext@647fc8b2: display name [org.springframework.context.support.ClassPathXmlApplicationContext@647fc8b2]; startup date [Fri Jan 02 19:58:40 EST 2009]; root of context hierarchy
2009-01-02 19:58:40,997 [main] INFO  o.s.c.s.ClassPathXmlApplicationContext - Bean factory for application context [org.springframework.context.support.ClassPathXmlApplicationContext@647fc8b2]: org.springframework.beans.factory.support.DefaultListableBeanFactory@15151aa
2009-01-02 19:58:40,999 [main] INFO  o.s.b.f.s.DefaultListableBeanFactory - Pre-instantiating singletons in org.springframework.beans.factory.support.DefaultListableBeanFactory@15151aa: defining beans [echoService,serviceInvoker]; root of factory hierarchy
2009-01-02 19:58:41,000 [main] INFO  o.s.b.f.s.DefaultListableBeanFactory - Destroying singletons in org.springframework.beans.factory.support.DefaultListableBeanFactory@15151aa: defining beans [echoService,serviceInvoker]; root of factory hierarchy
2009-01-02 19:58:41,002 [main] INFO  o.s.c.s.ClassPathXmlApplicationContext - Refreshing org.springframework.context.support.ClassPathXmlApplicationContext@e56c3cf: display name [org.springframework.context.support.ClassPathXmlApplicationContext@e56c3cf]; startup date [Fri Jan 02 19:58:41 EST 2009]; root of context hierarchy
2009-01-02 19:58:41,014 [main] INFO  o.s.c.s.ClassPathXmlApplicationContext - Bean factory for application context [org.springframework.context.support.ClassPathXmlApplicationContext@e56c3cf]: org.springframework.beans.factory.support.DefaultListableBeanFactory@16e9b4bb
2009-01-02 19:58:41,017 [main] INFO  o.s.b.f.s.DefaultListableBeanFactory - Pre-instantiating singletons in org.springframework.beans.factory.support.DefaultListableBeanFactory@16e9b4bb: defining beans [echoService,serviceInvoker]; root of factory hierarchy
2009-01-02 19:58:41,018 [main] INFO  o.s.b.f.s.DefaultListableBeanFactory - Destroying singletons in org.springframework.beans.factory.support.DefaultListableBeanFactory@16e9b4bb: defining beans [echoService,serviceInvoker]; root of factory hierarchy
2009-01-02 19:58:41,028 [main] ERROR org.red5.io.flv.impl.FLV - An error occured looking for metadata:
java.io.FileNotFoundException: test/test.flv (No such file or directory)
	at java.io.FileInputStream.open(Native Method) [na:1.6.0_0]
	at java.io.FileInputStream.<init>(FileInputStream.java:137) [na:1.6.0_0]
	at org.red5.io.flv.impl.FLVReader.<init>(FLVReader.java:150) [classes/:na]
	at org.red5.io.flv.impl.FLVReader.<init>(FLVReader.java:135) [classes/:na]
	at org.red5.io.flv.impl.FLV.<init>(FLV.java:99) [classes/:na]
	at org.red5.io.flv.impl.FLVService.getStreamableFile(FLVService.java:89) [classes/:na]
	at org.red5.server.io.MetaServiceTest.testWrite(MetaServiceTest.java:50) [test-classes/:na]
	at sun.reflect.NativeMethodAccessorImpl.invoke0(Native Method) [na:1.6.0_0]
	at sun.reflect.NativeMethodAccessorImpl.invoke(NativeMethodAccessorImpl.java:57) [na:1.6.0_0]
	at sun.reflect.DelegatingMethodAccessorImpl.invoke(DelegatingMethodAccessorImpl.java:43) [na:1.6.0_0]
	at java.lang.reflect.Method.invoke(Method.java:616) [na:1.6.0_0]
	at junit.framework.TestCase.runTest(TestCase.java:168) [junit-4.5.jar:na]
	at junit.framework.TestCase.runBare(TestCase.java:134) [junit-4.5.jar:na]
	at junit.framework.TestResult$1.protect(TestResult.java:110) [junit-4.5.jar:na]
	at junit.framework.TestResult.runProtected(TestResult.java:128) [junit-4.5.jar:na]
	at junit.framework.TestResult.run(TestResult.java:113) [junit-4.5.jar:na]
	at junit.framework.TestCase.run(TestCase.java:124) [junit-4.5.jar:na]
	at junit.framework.TestSuite.runTest(TestSuite.java:232) [junit-4.5.jar:na]
	at junit.framework.TestSuite.run(TestSuite.java:227) [junit-4.5.jar:na]
	at org.junit.internal.runners.JUnit38ClassRunner.run(JUnit38ClassRunner.java:79) [junit-4.5.jar:na]
	at org.eclipse.jdt.internal.junit4.runner.JUnit4TestReference.run(JUnit4TestReference.java:45) [.cp/:na]
	at org.eclipse.jdt.internal.junit.runner.TestExecution.run(TestExecution.java:38) [.cp/:na]
	at org.eclipse.jdt.internal.junit.runner.RemoteTestRunner.runTests(RemoteTestRunner.java:460) [.cp/:na]
	at org.eclipse.jdt.internal.junit.runner.RemoteTestRunner.runTests(RemoteTestRunner.java:673) [.cp/:na]
	at org.eclipse.jdt.internal.junit.runner.RemoteTestRunner.run(RemoteTestRunner.java:386) [.cp/:na]
	at org.eclipse.jdt.internal.junit.runner.RemoteTestRunner.main(RemoteTestRunner.java:196) [.cp/:na]
2009-01-02 19:58:44,284 [main] INFO  o.s.c.s.ClassPathXmlApplicationContext - Refreshing org.springframework.context.support.ClassPathXmlApplicationContext@4d74f02c: display name [org.springframework.context.support.ClassPathXmlApplicationContext@4d74f02c]; startup date [Fri Jan 02 19:58:44 EST 2009]; root of context hierarchy
2009-01-02 19:58:44,308 [main] INFO  o.s.c.s.ClassPathXmlApplicationContext - Bean factory for application context [org.springframework.context.support.ClassPathXmlApplicationContext@4d74f02c]: org.springframework.beans.factory.support.DefaultListableBeanFactory@3844006e
2009-01-02 19:58:44,333 [main] INFO  o.s.b.f.s.DefaultListableBeanFactory - Pre-instantiating singletons in org.springframework.beans.factory.support.DefaultListableBeanFactory@3844006e: defining beans [serializer,deserializer,statusObjectService,rtmpCodecFactory,red5.clientRegistry,red5.serviceInvoker,red5.mappingStrategy,red5.context,host.default,app.default,app.test,handler.default,red5.scopeResolver,rtmpHandler,rtmpMinaIoHandler]; root of factory hierarchy
2009-01-02 19:58:44,407 [main] INFO  o.s.b.f.s.DefaultListableBeanFactory - Destroying singletons in org.springframework.beans.factory.support.DefaultListableBeanFactory@3844006e: defining beans [serializer,deserializer,statusObjectService,rtmpCodecFactory,red5.clientRegistry,red5.serviceInvoker,red5.mappingStrategy,red5.context,host.default,app.default,app.test,handler.default,red5.scopeResolver,rtmpHandler,rtmpMinaIoHandler]; root of factory hierarchy
2009-01-02 19:58:44,410 [main] ERROR org.red5.io.flv.impl.FLV - An error occured looking for metadata:
java.io.FileNotFoundException: test/test.flv (No such file or directory)
	at java.io.FileInputStream.open(Native Method) [na:1.6.0_0]
	at java.io.FileInputStream.<init>(FileInputStream.java:137) [na:1.6.0_0]
	at org.red5.io.flv.impl.FLVReader.<init>(FLVReader.java:150) [classes/:na]
	at org.red5.io.flv.impl.FLVReader.<init>(FLVReader.java:135) [classes/:na]
	at org.red5.io.flv.impl.FLV.<init>(FLV.java:99) [classes/:na]
	at org.red5.io.flv.impl.FLVService.getStreamableFile(FLVService.java:89) [classes/:na]
	at org.red5.server.io.FLVServiceImplTest.testFLVFile(FLVServiceImplTest.java:98) [test-classes/:na]
	at sun.reflect.NativeMethodAccessorImpl.invoke0(Native Method) [na:1.6.0_0]
	at sun.reflect.NativeMethodAccessorImpl.invoke(NativeMethodAccessorImpl.java:57) [na:1.6.0_0]
	at sun.reflect.DelegatingMethodAccessorImpl.invoke(DelegatingMethodAccessorImpl.java:43) [na:1.6.0_0]
	at java.lang.reflect.Method.invoke(Method.java:616) [na:1.6.0_0]
	at junit.framework.TestCase.runTest(TestCase.java:168) [junit-4.5.jar:na]
	at junit.framework.TestCase.runBare(TestCase.java:134) [junit-4.5.jar:na]
	at junit.framework.TestResult$1.protect(TestResult.java:110) [junit-4.5.jar:na]
	at junit.framework.TestResult.runProtected(TestResult.java:128) [junit-4.5.jar:na]
	at junit.framework.TestResult.run(TestResult.java:113) [junit-4.5.jar:na]
	at junit.framework.TestCase.run(TestCase.java:124) [junit-4.5.jar:na]
	at junit.framework.TestSuite.runTest(TestSuite.java:232) [junit-4.5.jar:na]
	at junit.framework.TestSuite.run(TestSuite.java:227) [junit-4.5.jar:na]
	at org.junit.internal.runners.JUnit38ClassRunner.run(JUnit38ClassRunner.java:79) [junit-4.5.jar:na]
	at org.eclipse.jdt.internal.junit4.runner.JUnit4TestReference.run(JUnit4TestReference.java:45) [.cp/:na]
	at org.eclipse.jdt.internal.junit.runner.TestExecution.run(TestExecution.java:38) [.cp/:na]
	at org.eclipse.jdt.internal.junit.runner.RemoteTestRunner.runTests(RemoteTestRunner.java:460) [.cp/:na]
	at org.eclipse.jdt.internal.junit.runner.RemoteTestRunner.runTests(RemoteTestRunner.java:673) [.cp/:na]
	at org.eclipse.jdt.internal.junit.runner.RemoteTestRunner.run(RemoteTestRunner.java:386) [.cp/:na]
	at org.eclipse.jdt.internal.junit.runner.RemoteTestRunner.main(RemoteTestRunner.java:196) [.cp/:na]
2009-01-02 19:58:44,412 [main] INFO  org.red5.io.flv.impl.FLV - Creating new file: test/test.flv
2009-01-02 19:58:46,029 [main] INFO  o.s.c.s.ClassPathXmlApplicationContext - Refreshing org.springframework.context.support.ClassPathXmlApplicationContext@3e5646a5: display name [org.springframework.context.support.ClassPathXmlApplicationContext@3e5646a5]; startup date [Fri Jan 02 19:58:46 EST 2009]; root of context hierarchy
2009-01-02 19:58:46,053 [main] INFO  o.s.c.s.ClassPathXmlApplicationContext - Bean factory for application context [org.springframework.context.support.ClassPathXmlApplicationContext@3e5646a5]: org.springframework.beans.factory.support.DefaultListableBeanFactory@215b011c
2009-01-02 19:58:46,062 [main] INFO  o.s.b.f.s.DefaultListableBeanFactory - Pre-instantiating singletons in org.springframework.beans.factory.support.DefaultListableBeanFactory@215b011c: defining beans [serializer,deserializer,statusObjectService,rtmpCodecFactory,red5.clientRegistry,red5.serviceInvoker,red5.mappingStrategy,red5.context,host.default,app.default,app.test,handler.default,red5.scopeResolver,rtmpHandler,rtmpMinaIoHandler]; root of factory hierarchy
2009-01-02 19:58:46,075 [main] INFO  o.s.b.f.s.DefaultListableBeanFactory - Destroying singletons in org.springframework.beans.factory.support.DefaultListableBeanFactory@215b011c: defining beans [serializer,deserializer,statusObjectService,rtmpCodecFactory,red5.clientRegistry,red5.serviceInvoker,red5.mappingStrategy,red5.context,host.default,app.default,app.test,handler.default,red5.scopeResolver,rtmpHandler,rtmpMinaIoHandler]; root of factory hierarchy
2009-01-02 19:58:46,078 [main] INFO  o.r.s.s.PlaylistSubscriberStreamTest - Loading context for locations: org/red5/server/stream/PlaylistSubscriberStreamTest.xml
2009-01-02 19:58:46,101 [main] INFO  o.s.c.s.GenericApplicationContext - Refreshing org.springframework.context.support.GenericApplicationContext@5dbbd583: display name [org.springframework.context.support.GenericApplicationContext@5dbbd583]; startup date [Fri Jan 02 19:58:46 EST 2009]; root of context hierarchy
2009-01-02 19:58:46,102 [main] INFO  o.s.c.s.GenericApplicationContext - Bean factory for application context [org.springframework.context.support.GenericApplicationContext@5dbbd583]: org.springframework.beans.factory.support.DefaultListableBeanFactory@18287811
2009-01-02 19:58:46,117 [main] INFO  o.s.b.f.s.DefaultListableBeanFactory - Pre-instantiating singletons in org.springframework.beans.factory.support.DefaultListableBeanFactory@18287811: defining beans [BWControlService,providerService,consumerService,schedulingService,streamExecutor,playlistSubscriberStream,streamableFileFactory,streamFilenameGenerator,object.cache,org.red5.io.flv.impl.FLV#0]; root of factory hierarchy
2009-01-02 19:58:48,724 [main] INFO  o.s.b.f.s.DefaultListableBeanFactory - Destroying singletons in org.springframework.beans.factory.support.DefaultListableBeanFactory@18287811: defining beans [BWControlService,providerService,consumerService,schedulingService,streamExecutor,playlistSubscriberStream,streamableFileFactory,streamFilenameGenerator,object.cache,org.red5.io.flv.impl.FLV#0]; root of factory hierarchy
2009-01-02 19:58:48,726 [main] INFO  o.r.s.s.PlaylistSubscriberStreamTest - Loading context for locations: org/red5/server/stream/PlaylistSubscriberStreamTest.xml
2009-01-02 19:58:48,747 [main] INFO  o.s.c.s.GenericApplicationContext - Refreshing org.springframework.context.support.GenericApplicationContext@15a4eb56: display name [org.springframework.context.support.GenericApplicationContext@15a4eb56]; startup date [Fri Jan 02 19:58:48 EST 2009]; root of context hierarchy
2009-01-02 19:58:48,747 [main] INFO  o.s.c.s.GenericApplicationContext - Bean factory for application context [org.springframework.context.support.GenericApplicationContext@15a4eb56]: org.springframework.beans.factory.support.DefaultListableBeanFactory@7e566633
2009-01-02 19:58:48,751 [main] INFO  o.s.b.f.s.DefaultListableBeanFactory - Pre-instantiating singletons in org.springframework.beans.factory.support.DefaultListableBeanFactory@7e566633: defining beans [BWControlService,providerService,consumerService,schedulingService,streamExecutor,playlistSubscriberStream,streamableFileFactory,streamFilenameGenerator,object.cache,org.red5.io.flv.impl.FLV#0]; root of factory hierarchy
2009-01-02 19:58:52,785 [main] INFO  o.s.b.f.s.DefaultListableBeanFactory - Destroying singletons in org.springframework.beans.factory.support.DefaultListableBeanFactory@7e566633: defining beans [BWControlService,providerService,consumerService,schedulingService,streamExecutor,playlistSubscriberStream,streamableFileFactory,streamFilenameGenerator,object.cache,org.red5.io.flv.impl.FLV#0]; root of factory hierarchy
2009-01-02 19:58:52,788 [main] INFO  o.r.s.s.PlaylistSubscriberStreamTest - Loading context for locations: org/red5/server/stream/PlaylistSubscriberStreamTest.xml
2009-01-02 19:58:52,805 [main] INFO  o.s.c.s.GenericApplicationContext - Refreshing org.springframework.context.support.GenericApplicationContext@64626fd2: display name [org.springframework.context.support.GenericApplicationContext@64626fd2]; startup date [Fri Jan 02 19:58:52 EST 2009]; root of context hierarchy
2009-01-02 19:58:52,805 [main] INFO  o.s.c.s.GenericApplicationContext - Bean factory for application context [org.springframework.context.support.GenericApplicationContext@64626fd2]: org.springframework.beans.factory.support.DefaultListableBeanFactory@7a9b777a
2009-01-02 19:58:52,807 [main] INFO  o.s.b.f.s.DefaultListableBeanFactory - Pre-instantiating singletons in org.springframework.beans.factory.support.DefaultListableBeanFactory@7a9b777a: defining beans [BWControlService,providerService,consumerService,schedulingService,streamExecutor,playlistSubscriberStream,streamableFileFactory,streamFilenameGenerator,object.cache,org.red5.io.flv.impl.FLV#0]; root of factory hierarchy
2009-01-02 19:59:02,143 [main] INFO  o.s.b.f.s.DefaultListableBeanFactory - Destroying singletons in org.springframework.beans.factory.support.DefaultListableBeanFactory@7a9b777a: defining beans [BWControlService,providerService,consumerService,schedulingService,streamExecutor,playlistSubscriberStream,streamableFileFactory,streamFilenameGenerator,object.cache,org.red5.io.flv.impl.FLV#0]; root of factory hierarchy
2009-01-02 19:59:02,145 [main] INFO  o.r.s.s.PlaylistSubscriberStreamTest - Loading context for locations: org/red5/server/stream/PlaylistSubscriberStreamTest.xml
2009-01-02 19:59:02,169 [main] INFO  o.s.c.s.GenericApplicationContext - Refreshing org.springframework.context.support.GenericApplicationContext@1bfd9cd5: display name [org.springframework.context.support.GenericApplicationContext@1bfd9cd5]; startup date [Fri Jan 02 19:59:02 EST 2009]; root of context hierarchy
2009-01-02 19:59:02,169 [main] INFO  o.s.c.s.GenericApplicationContext - Bean factory for application context [org.springframework.context.support.GenericApplicationContext@1bfd9cd5]: org.springframework.beans.factory.support.DefaultListableBeanFactory@3d057305
2009-01-02 19:59:02,173 [main] INFO  o.s.b.f.s.DefaultListableBeanFactory - Pre-instantiating singletons in org.springframework.beans.factory.support.DefaultListableBeanFactory@3d057305: defining beans [BWControlService,providerService,consumerService,schedulingService,streamExecutor,playlistSubscriberStream,streamableFileFactory,streamFilenameGenerator,object.cache,org.red5.io.flv.impl.FLV#0]; root of factory hierarchy
2009-01-02 19:59:03,947 [main] INFO  o.s.b.f.s.DefaultListableBeanFactory - Destroying singletons in org.springframework.beans.factory.support.DefaultListableBeanFactory@3d057305: defining beans [BWControlService,providerService,consumerService,schedulingService,streamExecutor,playlistSubscriberStream,streamableFileFactory,streamFilenameGenerator,object.cache,org.red5.io.flv.impl.FLV#0]; root of factory hierarchy
2009-01-02 19:59:03,949 [main] INFO  o.r.s.s.PlaylistSubscriberStreamTest - Loading context for locations: org/red5/server/stream/PlaylistSubscriberStreamTest.xml
2009-01-02 19:59:03,982 [main] INFO  o.s.c.s.GenericApplicationContext - Refreshing org.springframework.context.support.GenericApplicationContext@306bba64: display name [org.springframework.context.support.GenericApplicationContext@306bba64]; startup date [Fri Jan 02 19:59:03 EST 2009]; root of context hierarchy
2009-01-02 19:59:03,983 [main] INFO  o.s.c.s.GenericApplicationContext - Bean factory for application context [org.springframework.context.support.GenericApplicationContext@306bba64]: org.springframework.beans.factory.support.DefaultListableBeanFactory@55291cd
2009-01-02 19:59:03,987 [main] INFO  o.s.b.f.s.DefaultListableBeanFactory - Pre-instantiating singletons in org.springframework.beans.factory.support.DefaultListableBeanFactory@55291cd: defining beans [BWControlService,providerService,consumerService,schedulingService,streamExecutor,playlistSubscriberStream,streamableFileFactory,streamFilenameGenerator,object.cache,org.red5.io.flv.impl.FLV#0]; root of factory hierarchy
2009-01-02 19:59:04,813 [main] INFO  o.s.b.f.s.DefaultListableBeanFactory - Destroying singletons in org.springframework.beans.factory.support.DefaultListableBeanFactory@55291cd: defining beans [BWControlService,providerService,consumerService,schedulingService,streamExecutor,playlistSubscriberStream,streamableFileFactory,streamFilenameGenerator,object.cache,org.red5.io.flv.impl.FLV#0]; root of factory hierarchy
2009-01-02 19:59:04,815 [main] INFO  o.r.s.s.PlaylistSubscriberStreamTest - Loading context for locations: org/red5/server/stream/PlaylistSubscriberStreamTest.xml
2009-01-02 19:59:04,838 [main] INFO  o.s.c.s.GenericApplicationContext - Refreshing org.springframework.context.support.GenericApplicationContext@1bb25a82: display name [org.springframework.context.support.GenericApplicationContext@1bb25a82]; startup date [Fri Jan 02 19:59:04 EST 2009]; root of context hierarchy
2009-01-02 19:59:04,839 [main] INFO  o.s.c.s.GenericApplicationContext - Bean factory for application context [org.springframework.context.support.GenericApplicationContext@1bb25a82]: org.springframework.beans.factory.support.DefaultListableBeanFactory@753bc30a
2009-01-02 19:59:04,844 [main] INFO  o.s.b.f.s.DefaultListableBeanFactory - Pre-instantiating singletons in org.springframework.beans.factory.support.DefaultListableBeanFactory@753bc30a: defining beans [BWControlService,providerService,consumerService,schedulingService,streamExecutor,playlistSubscriberStream,streamableFileFactory,streamFilenameGenerator,object.cache,org.red5.io.flv.impl.FLV#0]; root of factory hierarchy
2009-01-02 19:59:05,685 [main] INFO  o.s.b.f.s.DefaultListableBeanFactory - Destroying singletons in org.springframework.beans.factory.support.DefaultListableBeanFactory@753bc30a: defining beans [BWControlService,providerService,consumerService,schedulingService,streamExecutor,playlistSubscriberStream,streamableFileFactory,streamFilenameGenerator,object.cache,org.red5.io.flv.impl.FLV#0]; root of factory hierarchy
2009-01-02 19:59:05,687 [main] INFO  o.r.s.s.PlaylistSubscriberStreamTest - Loading context for locations: org/red5/server/stream/PlaylistSubscriberStreamTest.xml
2009-01-02 19:59:05,710 [main] INFO  o.s.c.s.GenericApplicationContext - Refreshing org.springframework.context.support.GenericApplicationContext@2ad1918a: display name [org.springframework.context.support.GenericApplicationContext@2ad1918a]; startup date [Fri Jan 02 19:59:05 EST 2009]; root of context hierarchy
2009-01-02 19:59:05,710 [main] INFO  o.s.c.s.GenericApplicationContext - Bean factory for application context [org.springframework.context.support.GenericApplicationContext@2ad1918a]: org.springframework.beans.factory.support.DefaultListableBeanFactory@4d8dfa76
2009-01-02 19:59:05,715 [main] INFO  o.s.b.f.s.DefaultListableBeanFactory - Pre-instantiating singletons in org.springframework.beans.factory.support.DefaultListableBeanFactory@4d8dfa76: defining beans [BWControlService,providerService,consumerService,schedulingService,streamExecutor,playlistSubscriberStream,streamableFileFactory,streamFilenameGenerator,object.cache,org.red5.io.flv.impl.FLV#0]; root of factory hierarchy
2009-01-02 19:59:08,077 [main] INFO  o.s.b.f.s.DefaultListableBeanFactory - Destroying singletons in org.springframework.beans.factory.support.DefaultListableBeanFactory@4d8dfa76: defining beans [BWControlService,providerService,consumerService,schedulingService,streamExecutor,playlistSubscriberStream,streamableFileFactory,streamFilenameGenerator,object.cache,org.red5.io.flv.impl.FLV#0]; root of factory hierarchy
2009-01-02 19:59:08,079 [main] INFO  o.r.s.s.PlaylistSubscriberStreamTest - Loading context for locations: org/red5/server/stream/PlaylistSubscriberStreamTest.xml
2009-01-02 19:59:08,100 [main] INFO  o.s.c.s.GenericApplicationContext - Refreshing org.springframework.context.support.GenericApplicationContext@2206270b: display name [org.springframework.context.support.GenericApplicationContext@2206270b]; startup date [Fri Jan 02 19:59:08 EST 2009]; root of context hierarchy
2009-01-02 19:59:08,100 [main] INFO  o.s.c.s.GenericApplicationContext - Bean factory for application context [org.springframework.context.support.GenericApplicationContext@2206270b]: org.springframework.beans.factory.support.DefaultListableBeanFactory@14d55de
2009-01-02 19:59:08,105 [main] INFO  o.s.b.f.s.DefaultListableBeanFactory - Pre-instantiating singletons in org.springframework.beans.factory.support.DefaultListableBeanFactory@14d55de: defining beans [BWControlService,providerService,consumerService,schedulingService,streamExecutor,playlistSubscriberStream,streamableFileFactory,streamFilenameGenerator,object.cache,org.red5.io.flv.impl.FLV#0]; root of factory hierarchy
2009-01-02 19:59:08,780 [main] INFO  o.s.b.f.s.DefaultListableBeanFactory - Destroying singletons in org.springframework.beans.factory.support.DefaultListableBeanFactory@14d55de: defining beans [BWControlService,providerService,consumerService,schedulingService,streamExecutor,playlistSubscriberStream,streamableFileFactory,streamFilenameGenerator,object.cache,org.red5.io.flv.impl.FLV#0]; root of factory hierarchy
2009-01-02 19:59:08,783 [main] INFO  o.r.s.s.PlaylistSubscriberStreamTest - Loading context for locations: org/red5/server/stream/PlaylistSubscriberStreamTest.xml
2009-01-02 19:59:08,800 [main] INFO  o.s.c.s.GenericApplicationContext - Refreshing org.springframework.context.support.GenericApplicationContext@256f8834: display name [org.springframework.context.support.GenericApplicationContext@256f8834]; startup date [Fri Jan 02 19:59:08 EST 2009]; root of context hierarchy
2009-01-02 19:59:08,800 [main] INFO  o.s.c.s.GenericApplicationContext - Bean factory for application context [org.springframework.context.support.GenericApplicationContext@256f8834]: org.springframework.beans.factory.support.DefaultListableBeanFactory@2482c23d
2009-01-02 19:59:08,805 [main] INFO  o.s.b.f.s.DefaultListableBeanFactory - Pre-instantiating singletons in org.springframework.beans.factory.support.DefaultListableBeanFactory@2482c23d: defining beans [BWControlService,providerService,consumerService,schedulingService,streamExecutor,playlistSubscriberStream,streamableFileFactory,streamFilenameGenerator,object.cache,org.red5.io.flv.impl.FLV#0]; root of factory hierarchy
2009-01-02 19:59:09,349 [main] INFO  o.s.b.f.s.DefaultListableBeanFactory - Destroying singletons in org.springframework.beans.factory.support.DefaultListableBeanFactory@2482c23d: defining beans [BWControlService,providerService,consumerService,schedulingService,streamExecutor,playlistSubscriberStream,streamableFileFactory,streamFilenameGenerator,object.cache,org.red5.io.flv.impl.FLV#0]; root of factory hierarchy
2009-01-02 19:59:09,351 [main] INFO  o.r.s.s.PlaylistSubscriberStreamTest - Loading context for locations: org/red5/server/stream/PlaylistSubscriberStreamTest.xml
2009-01-02 19:59:09,368 [main] INFO  o.s.c.s.GenericApplicationContext - Refreshing org.springframework.context.support.GenericApplicationContext@7291b9b0: display name [org.springframework.context.support.GenericApplicationContext@7291b9b0]; startup date [Fri Jan 02 19:59:09 EST 2009]; root of context hierarchy
2009-01-02 19:59:09,368 [main] INFO  o.s.c.s.GenericApplicationContext - Bean factory for application context [org.springframework.context.support.GenericApplicationContext@7291b9b0]: org.springframework.beans.factory.support.DefaultListableBeanFactory@2773a64a
2009-01-02 19:59:09,373 [main] INFO  o.s.b.f.s.DefaultListableBeanFactory - Pre-instantiating singletons in org.springframework.beans.factory.support.DefaultListableBeanFactory@2773a64a: defining beans [BWControlService,providerService,consumerService,schedulingService,streamExecutor,playlistSubscriberStream,streamableFileFactory,streamFilenameGenerator,object.cache,org.red5.io.flv.impl.FLV#0]; root of factory hierarchy
2009-01-02 19:59:10,006 [main] INFO  o.s.b.f.s.DefaultListableBeanFactory - Destroying singletons in org.springframework.beans.factory.support.DefaultListableBeanFactory@2773a64a: defining beans [BWControlService,providerService,consumerService,schedulingService,streamExecutor,playlistSubscriberStream,streamableFileFactory,streamFilenameGenerator,object.cache,org.red5.io.flv.impl.FLV#0]; root of factory hierarchy
2009-01-02 19:59:10,008 [main] INFO  o.r.s.s.PlaylistSubscriberStreamTest - Loading context for locations: org/red5/server/stream/PlaylistSubscriberStreamTest.xml
2009-01-02 19:59:10,026 [main] INFO  o.s.c.s.GenericApplicationContext - Refreshing org.springframework.context.support.GenericApplicationContext@36e3fd79: display name [org.springframework.context.support.GenericApplicationContext@36e3fd79]; startup date [Fri Jan 02 19:59:10 EST 2009]; root of context hierarchy
2009-01-02 19:59:10,026 [main] INFO  o.s.c.s.GenericApplicationContext - Bean factory for application context [org.springframework.context.support.GenericApplicationContext@36e3fd79]: org.springframework.beans.factory.support.DefaultListableBeanFactory@4e6d670a
2009-01-02 19:59:10,031 [main] INFO  o.s.b.f.s.DefaultListableBeanFactory - Pre-instantiating singletons in org.springframework.beans.factory.support.DefaultListableBeanFactory@4e6d670a: defining beans [BWControlService,providerService,consumerService,schedulingService,streamExecutor,playlistSubscriberStream,streamableFileFactory,streamFilenameGenerator,object.cache,org.red5.io.flv.impl.FLV#0]; root of factory hierarchy
2009-01-02 19:59:10,476 [main] INFO  o.s.b.f.s.DefaultListableBeanFactory - Destroying singletons in org.springframework.beans.factory.support.DefaultListableBeanFactory@4e6d670a: defining beans [BWControlService,providerService,consumerService,schedulingService,streamExecutor,playlistSubscriberStream,streamableFileFactory,streamFilenameGenerator,object.cache,org.red5.io.flv.impl.FLV#0]; root of factory hierarchy
2009-01-02 19:59:10,478 [main] INFO  o.r.s.s.PlaylistSubscriberStreamTest - Loading context for locations: org/red5/server/stream/PlaylistSubscriberStreamTest.xml
2009-01-02 19:59:10,496 [main] INFO  o.s.c.s.GenericApplicationContext - Refreshing org.springframework.context.support.GenericApplicationContext@59cc5d23: display name [org.springframework.context.support.GenericApplicationContext@59cc5d23]; startup date [Fri Jan 02 19:59:10 EST 2009]; root of context hierarchy
2009-01-02 19:59:10,496 [main] INFO  o.s.c.s.GenericApplicationContext - Bean factory for application context [org.springframework.context.support.GenericApplicationContext@59cc5d23]: org.springframework.beans.factory.support.DefaultListableBeanFactory@6d8f729c
2009-01-02 19:59:10,500 [main] INFO  o.s.b.f.s.DefaultListableBeanFactory - Pre-instantiating singletons in org.springframework.beans.factory.support.DefaultListableBeanFactory@6d8f729c: defining beans [BWControlService,providerService,consumerService,schedulingService,streamExecutor,playlistSubscriberStream,streamableFileFactory,streamFilenameGenerator,object.cache,org.red5.io.flv.impl.FLV#0]; root of factory hierarchy
2009-01-02 19:59:10,867 [main] INFO  o.s.b.f.s.DefaultListableBeanFactory - Destroying singletons in org.springframework.beans.factory.support.DefaultListableBeanFactory@6d8f729c: defining beans [BWControlService,providerService,consumerService,schedulingService,streamExecutor,playlistSubscriberStream,streamableFileFactory,streamFilenameGenerator,object.cache,org.red5.io.flv.impl.FLV#0]; root of factory hierarchy
2009-01-02 19:59:16,383 [main] INFO  o.s.c.s.ClassPathXmlApplicationContext - Refreshing org.springframework.context.support.ClassPathXmlApplicationContext@4cd297c0: display name [org.springframework.context.support.ClassPathXmlApplicationContext@4cd297c0]; startup date [Fri Jan 02 19:59:16 EST 2009]; root of context hierarchy
2009-01-02 19:59:16,401 [main] INFO  o.s.c.s.ClassPathXmlApplicationContext - Bean factory for application context [org.springframework.context.support.ClassPathXmlApplicationContext@4cd297c0]: org.springframework.beans.factory.support.DefaultListableBeanFactory@6d3d422d
2009-01-02 19:59:16,407 [main] INFO  o.s.b.f.s.DefaultListableBeanFactory - Pre-instantiating singletons in org.springframework.beans.factory.support.DefaultListableBeanFactory@6d3d422d: defining beans [serializer,deserializer,statusObjectService,rtmpCodecFactory,red5.clientRegistry,red5.serviceInvoker,red5.mappingStrategy,red5.context,host.default,app.default,app.test,handler.default,red5.scopeResolver,rtmpHandler,rtmpMinaIoHandler]; root of factory hierarchy
2009-01-02 19:59:16,419 [main] INFO  o.s.b.f.s.DefaultListableBeanFactory - Destroying singletons in org.springframework.beans.factory.support.DefaultListableBeanFactory@6d3d422d: defining beans [serializer,deserializer,statusObjectService,rtmpCodecFactory,red5.clientRegistry,red5.serviceInvoker,red5.mappingStrategy,red5.context,host.default,app.default,app.test,handler.default,red5.scopeResolver,rtmpHandler,rtmpMinaIoHandler]; root of factory hierarchy
